<?xml version="1.0" encoding="UTF-8"?>
<testsuite name="org.example.exercises.Day7JavaExercisesTest" tests="1" skipped="0" failures="0" errors="0" timestamp="2025-01-13T22:03:26" hostname="CHASE-PC-11" time="0.012">
  <properties/>
  <testcase name="testMixedCase()" classname="org.example.exercises.Day7JavaExercisesTest" time="0.012"/>
  <system-out><![CDATA[]]></system-out>
  <system-err><![CDATA[]]></system-err>
</testsuite>
