<?xml version="1.0" encoding="UTF-8"?>
<testsuite name="org.example.exercises.Day5JavaExercisesTest" tests="1" skipped="0" failures="0" errors="0" timestamp="2025-01-09T18:03:41" hostname="CHASE-PC-11" time="0.011">
  <properties/>
  <testcase name="testInvalidK()" classname="org.example.exercises.Day5JavaExercisesTest" time="0.011"/>
  <system-out><![CDATA[]]></system-out>
  <system-err><![CDATA[]]></system-err>
</testsuite>
