<?xml version="1.0" encoding="UTF-8"?>
<testsuite name="org.example.exercises.Day6JavaExercisesTest" tests="1" skipped="0" failures="0" errors="0" timestamp="2025-01-12T20:27:08" hostname="CHASE-PC-11" time="3.631">
  <properties/>
  <testcase name="testSpecialCharacters()" classname="org.example.exercises.Day6JavaExercisesTest" time="3.631"/>
  <system-out><![CDATA[]]></system-out>
  <system-err><![CDATA[]]></system-err>
</testsuite>
