<?xml version="1.0" encoding="UTF-8"?>
<testsuite name="org.example.exercises.Day3JavaExercisesTest" tests="1" skipped="0" failures="0" errors="0" timestamp="2025-01-06T21:12:10" hostname="CHASE-PC-11" time="4.977">
  <properties/>
  <testcase name="testMergeSortedLists_SingleElementLists()" classname="org.example.exercises.Day3JavaExercisesTest" time="4.977"/>
  <system-out><![CDATA[]]></system-out>
  <system-err><![CDATA[]]></system-err>
</testsuite>
