<?xml version="1.0" encoding="UTF-8"?>
<testsuite name="code_exercises.simple.day2.Day2CodeExerciseTest" tests="1" skipped="0" failures="0" errors="0" timestamp="2025-01-04T22:21:59" hostname="CHASE-PC-11" time="0.012">
  <properties/>
  <testcase name="testCountAnagramPairs()" classname="code_exercises.simple.day2.Day2CodeExerciseTest" time="0.012"/>
  <system-out><![CDATA[]]></system-out>
  <system-err><![CDATA[]]></system-err>
</testsuite>
