<?xml version="1.0" encoding="UTF-8"?>
<testsuite name="code_exercises.simple.day1.Day1CodeExercisesTest" tests="1" skipped="0" failures="0" errors="0" timestamp="2025-01-03T21:30:48" hostname="CHASE-PC-11" time="0.013">
  <properties/>
  <testcase name="testFilterWithSpecialCharacters()" classname="code_exercises.simple.day1.Day1CodeExercisesTest" time="0.013"/>
  <system-out><![CDATA[]]></system-out>
  <system-err><![CDATA[]]></system-err>
</testsuite>
