<?xml version="1.0" encoding="UTF-8"?>
<testsuite name="lambda_exercises.simple.personExercise.PersonExerciseTest" tests="1" skipped="0" failures="0" errors="0" timestamp="2025-01-03T15:37:40" hostname="CHASE-PC-11" time="0.013">
  <properties/>
  <testcase name="testGetDistinctAges()" classname="lambda_exercises.simple.personExercise.PersonExerciseTest" time="0.013"/>
  <system-out><![CDATA[]]></system-out>
  <system-err><![CDATA[]]></system-err>
</testsuite>
